<?xml version="1.0" encoding="UTF-8"?>
<!-- Generated by org.testng.reporters.JUnitReportReporter -->
<testsuite hostname="EPBYMINW2457" name="TestTest" tests="1" failures="0" timestamp="15 Dec 2016 15:56:14 GMT" time="0.014" errors="0">
  <testcase name="TestTest" time="0.014" classname="TestTest"/>
</testsuite> <!-- TestTest -->
